{
  "stats": {
    "suites": 1,
    "tests": 3,
    "passes": 3,
    "pending": 0,
    "failures": 0,
    "start": "2021-02-15T12:04:03.148Z",
    "end": "2021-02-15T12:05:01.846Z",
    "duration": 58698,
    "testsRegistered": 3,
    "passPercent": 100,
    "pendingPercent": 0,
    "other": 0,
    "hasOther": false,
    "skipped": 0,
    "hasSkipped": false
  },
  "results": [
    {
      "uuid": "949bae73-2d5c-4d17-85dd-7b14654ada6d",
      "title": "",
      "fullFile": "cypress\\integration\\TC001_E2E.feature",
      "file": "cypress\\integration\\TC001_E2E.feature",
      "beforeHooks": [],
      "afterHooks": [],
      "tests": [],
      "suites": [
        {
          "uuid": "6410ba9e-e19f-4ff4-ab90-5de1e616aaf4",
          "title": "Automate End to End Buy Order functionality.",
          "fullFile": "",
          "file": "",
          "beforeHooks": [],
          "afterHooks": [],
          "tests": [
            {
              "title": "Login",
              "fullTitle": "Automate End to End Buy Order functionality. Login",
              "timedOut": null,
              "duration": 17859,
              "state": "passed",
              "speed": "slow",
              "pass": true,
              "fail": false,
              "pending": false,
              "context": "\"videos/TC001_E2E.feature.mp4\"",
              "code": "const state = window.testState;\nreturn cy\n  .then(() => state.onStartScenario(scenario, indexedSteps))\n  .then(() =>\n    resolveAndRunBeforeHooks.call(this, scenario.tags, state.feature.name)\n  )\n  .then(() =>\n    indexedSteps.forEach(step =>\n      stepTest.call(this, state, step, rowData)\n    )\n  )\n  .then(() =>\n    resolveAndRunAfterHooks.call(this, scenario.tags, state.feature.name)\n  )\n  .then(() => state.onFinishScenario(scenario));",
              "err": {},
              "uuid": "22217d9f-a6d7-4f34-abc1-c0bed97ff7b9",
              "parentUUID": "6410ba9e-e19f-4ff4-ab90-5de1e616aaf4",
              "isHook": false,
              "skipped": false
            },
            {
              "title": "User selects a product (example #1)",
              "fullTitle": "Automate End to End Buy Order functionality. User selects a product (example #1)",
              "timedOut": null,
              "duration": 29748,
              "state": "passed",
              "speed": "slow",
              "pass": true,
              "fail": false,
              "pending": false,
              "context": "\"videos/TC001_E2E.feature.mp4\"",
              "code": "const state = window.testState;\nreturn cy\n  .then(() => state.onStartScenario(scenario, indexedSteps))\n  .then(() =>\n    resolveAndRunBeforeHooks.call(this, scenario.tags, state.feature.name)\n  )\n  .then(() =>\n    indexedSteps.forEach(step =>\n      stepTest.call(this, state, step, rowData)\n    )\n  )\n  .then(() =>\n    resolveAndRunAfterHooks.call(this, scenario.tags, state.feature.name)\n  )\n  .then(() => state.onFinishScenario(scenario));",
              "err": {},
              "uuid": "42bc1bc7-6201-49ac-95e2-d5d7c9fe223a",
              "parentUUID": "6410ba9e-e19f-4ff4-ab90-5de1e616aaf4",
              "isHook": false,
              "skipped": false
            },
            {
              "title": "Checkout with payment",
              "fullTitle": "Automate End to End Buy Order functionality. Checkout with payment",
              "timedOut": null,
              "duration": 10633,
              "state": "passed",
              "speed": "slow",
              "pass": true,
              "fail": false,
              "pending": false,
              "context": "\"videos/TC001_E2E.feature.mp4\"",
              "code": "const state = window.testState;\nreturn cy\n  .then(() => state.onStartScenario(scenario, indexedSteps))\n  .then(() =>\n    resolveAndRunBeforeHooks.call(this, scenario.tags, state.feature.name)\n  )\n  .then(() =>\n    indexedSteps.forEach(step =>\n      stepTest.call(this, state, step, rowData)\n    )\n  )\n  .then(() =>\n    resolveAndRunAfterHooks.call(this, scenario.tags, state.feature.name)\n  )\n  .then(() => state.onFinishScenario(scenario));",
              "err": {},
              "uuid": "de3b202a-b3ee-4533-8091-5fe8b2cda9da",
              "parentUUID": "6410ba9e-e19f-4ff4-ab90-5de1e616aaf4",
              "isHook": false,
              "skipped": false
            }
          ],
          "suites": [],
          "passes": [
            "22217d9f-a6d7-4f34-abc1-c0bed97ff7b9",
            "42bc1bc7-6201-49ac-95e2-d5d7c9fe223a",
            "de3b202a-b3ee-4533-8091-5fe8b2cda9da"
          ],
          "failures": [],
          "pending": [],
          "skipped": [],
          "duration": 58240,
          "root": false,
          "rootEmpty": false,
          "_timeout": 2000
        }
      ],
      "passes": [],
      "failures": [],
      "pending": [],
      "skipped": [],
      "duration": 0,
      "root": true,
      "rootEmpty": true,
      "_timeout": 2000
    }
  ],
  "meta": {
    "mocha": {
      "version": "7.0.1"
    },
    "mochawesome": {
      "options": {
        "quiet": false,
        "reportFilename": "mochawesome",
        "saveHtml": false,
        "saveJson": true,
        "consoleReporter": "spec",
        "useInlineDiffs": false,
        "code": true
      },
      "version": "6.2.1"
    },
    "marge": {
      "options": {
        "overwrite": false,
        "html": false,
        "json": true
      },
      "version": "5.1.0"
    }
  }
}