{
  "stats": {
    "suites": 1,
    "tests": 1,
    "passes": 1,
    "pending": 0,
    "failures": 0,
    "start": "2021-02-15T12:05:24.267Z",
    "end": "2021-02-15T12:05:38.600Z",
    "duration": 14333,
    "testsRegistered": 1,
    "passPercent": 100,
    "pendingPercent": 0,
    "other": 0,
    "hasOther": false,
    "skipped": 0,
    "hasSkipped": false
  },
  "results": [
    {
      "uuid": "8ed6151f-d25f-4ea7-a761-f55208c4f4d6",
      "title": "",
      "fullFile": "cypress\\integration\\TC002_wishList.feature",
      "file": "cypress\\integration\\TC002_wishList.feature",
      "beforeHooks": [],
      "afterHooks": [],
      "tests": [],
      "suites": [
        {
          "uuid": "b818df5c-8e32-467e-9d70-5c7f4a151702",
          "title": "Verify that 'Add to Wishlist' only works after login",
          "fullFile": "",
          "file": "",
          "beforeHooks": [],
          "afterHooks": [],
          "tests": [
            {
              "title": "Select a t shirt and add to wishlist (example #1)",
              "fullTitle": "Verify that 'Add to Wishlist' only works after login Select a t shirt and add to wishlist (example #1)",
              "timedOut": null,
              "duration": 14133,
              "state": "passed",
              "speed": "slow",
              "pass": true,
              "fail": false,
              "pending": false,
              "context": "\"videos/TC002_wishList.feature.mp4\"",
              "code": "const state = window.testState;\nreturn cy\n  .then(() => state.onStartScenario(scenario, indexedSteps))\n  .then(() =>\n    resolveAndRunBeforeHooks.call(this, scenario.tags, state.feature.name)\n  )\n  .then(() =>\n    indexedSteps.forEach(step =>\n      stepTest.call(this, state, step, rowData)\n    )\n  )\n  .then(() =>\n    resolveAndRunAfterHooks.call(this, scenario.tags, state.feature.name)\n  )\n  .then(() => state.onFinishScenario(scenario));",
              "err": {},
              "uuid": "d0e3eef5-8cb4-47a9-8ab0-13b6fae51f61",
              "parentUUID": "b818df5c-8e32-467e-9d70-5c7f4a151702",
              "isHook": false,
              "skipped": false
            }
          ],
          "suites": [],
          "passes": [
            "d0e3eef5-8cb4-47a9-8ab0-13b6fae51f61"
          ],
          "failures": [],
          "pending": [],
          "skipped": [],
          "duration": 14133,
          "root": false,
          "rootEmpty": false,
          "_timeout": 2000
        }
      ],
      "passes": [],
      "failures": [],
      "pending": [],
      "skipped": [],
      "duration": 0,
      "root": true,
      "rootEmpty": true,
      "_timeout": 2000
    }
  ],
  "meta": {
    "mocha": {
      "version": "7.0.1"
    },
    "mochawesome": {
      "options": {
        "quiet": false,
        "reportFilename": "mochawesome",
        "saveHtml": false,
        "saveJson": true,
        "consoleReporter": "spec",
        "useInlineDiffs": false,
        "code": true
      },
      "version": "6.2.1"
    },
    "marge": {
      "options": {
        "overwrite": false,
        "html": false,
        "json": true
      },
      "version": "5.1.0"
    }
  }
}