{
  "stats": {
    "suites": 1,
    "tests": 3,
    "passes": 3,
    "pending": 0,
    "failures": 0,
    "start": "2021-02-15T12:05:57.794Z",
    "end": "2021-02-15T12:06:29.408Z",
    "duration": 31614,
    "testsRegistered": 3,
    "passPercent": 100,
    "pendingPercent": 0,
    "other": 0,
    "hasOther": false,
    "skipped": 0,
    "hasSkipped": false
  },
  "results": [
    {
      "uuid": "e6c5d648-94b4-4789-96ee-fec71bba9f96",
      "title": "",
      "fullFile": "cypress\\integration\\TC003_totalPrice.feature",
      "file": "cypress\\integration\\TC003_totalPrice.feature",
      "beforeHooks": [],
      "afterHooks": [],
      "tests": [],
      "suites": [
        {
          "uuid": "00de6631-9639-46a8-b730-174d4a4c696c",
          "title": "Automate End to End Buy Order functionality.",
          "fullFile": "",
          "file": "",
          "beforeHooks": [],
          "afterHooks": [],
          "tests": [
            {
              "title": "Login",
              "fullTitle": "Automate End to End Buy Order functionality. Login",
              "timedOut": null,
              "duration": 11670,
              "state": "passed",
              "speed": "slow",
              "pass": true,
              "fail": false,
              "pending": false,
              "context": "\"videos/TC003_totalPrice.feature.mp4\"",
              "code": "const state = window.testState;\nreturn cy\n  .then(() => state.onStartScenario(scenario, indexedSteps))\n  .then(() =>\n    resolveAndRunBeforeHooks.call(this, scenario.tags, state.feature.name)\n  )\n  .then(() =>\n    indexedSteps.forEach(step =>\n      stepTest.call(this, state, step, rowData)\n    )\n  )\n  .then(() =>\n    resolveAndRunAfterHooks.call(this, scenario.tags, state.feature.name)\n  )\n  .then(() => state.onFinishScenario(scenario));",
              "err": {},
              "uuid": "7caf03e3-7435-45a7-bcfe-ab1716c8dd4f",
              "parentUUID": "00de6631-9639-46a8-b730-174d4a4c696c",
              "isHook": false,
              "skipped": false
            },
            {
              "title": "User selects a product (example #1)",
              "fullTitle": "Automate End to End Buy Order functionality. User selects a product (example #1)",
              "timedOut": null,
              "duration": 16439,
              "state": "passed",
              "speed": "slow",
              "pass": true,
              "fail": false,
              "pending": false,
              "context": "\"videos/TC003_totalPrice.feature.mp4\"",
              "code": "const state = window.testState;\nreturn cy\n  .then(() => state.onStartScenario(scenario, indexedSteps))\n  .then(() =>\n    resolveAndRunBeforeHooks.call(this, scenario.tags, state.feature.name)\n  )\n  .then(() =>\n    indexedSteps.forEach(step =>\n      stepTest.call(this, state, step, rowData)\n    )\n  )\n  .then(() =>\n    resolveAndRunAfterHooks.call(this, scenario.tags, state.feature.name)\n  )\n  .then(() => state.onFinishScenario(scenario));",
              "err": {},
              "uuid": "649b61e7-96c8-450b-abe9-8f4c5b364e71",
              "parentUUID": "00de6631-9639-46a8-b730-174d4a4c696c",
              "isHook": false,
              "skipped": false
            },
            {
              "title": "Scenario Outline name (example #1)",
              "fullTitle": "Automate End to End Buy Order functionality. Scenario Outline name (example #1)",
              "timedOut": null,
              "duration": 3170,
              "state": "passed",
              "speed": "slow",
              "pass": true,
              "fail": false,
              "pending": false,
              "context": "\"videos/TC003_totalPrice.feature.mp4\"",
              "code": "const state = window.testState;\nreturn cy\n  .then(() => state.onStartScenario(scenario, indexedSteps))\n  .then(() =>\n    resolveAndRunBeforeHooks.call(this, scenario.tags, state.feature.name)\n  )\n  .then(() =>\n    indexedSteps.forEach(step =>\n      stepTest.call(this, state, step, rowData)\n    )\n  )\n  .then(() =>\n    resolveAndRunAfterHooks.call(this, scenario.tags, state.feature.name)\n  )\n  .then(() => state.onFinishScenario(scenario));",
              "err": {},
              "uuid": "8f8ce9c4-8711-4d3e-8cb4-cf1bb9a75ab7",
              "parentUUID": "00de6631-9639-46a8-b730-174d4a4c696c",
              "isHook": false,
              "skipped": false
            }
          ],
          "suites": [],
          "passes": [
            "7caf03e3-7435-45a7-bcfe-ab1716c8dd4f",
            "649b61e7-96c8-450b-abe9-8f4c5b364e71",
            "8f8ce9c4-8711-4d3e-8cb4-cf1bb9a75ab7"
          ],
          "failures": [],
          "pending": [],
          "skipped": [],
          "duration": 31279,
          "root": false,
          "rootEmpty": false,
          "_timeout": 2000
        }
      ],
      "passes": [],
      "failures": [],
      "pending": [],
      "skipped": [],
      "duration": 0,
      "root": true,
      "rootEmpty": true,
      "_timeout": 2000
    }
  ],
  "meta": {
    "mocha": {
      "version": "7.0.1"
    },
    "mochawesome": {
      "options": {
        "quiet": false,
        "reportFilename": "mochawesome",
        "saveHtml": false,
        "saveJson": true,
        "consoleReporter": "spec",
        "useInlineDiffs": false,
        "code": true
      },
      "version": "6.2.1"
    },
    "marge": {
      "options": {
        "overwrite": false,
        "html": false,
        "json": true
      },
      "version": "5.1.0"
    }
  }
}